Arguments: 
  D:\Program Files (x86)\NodeJs\node.exe C:\Users\zhenwei\AppData\Roaming\npm\node_modules\yarn\bin\yarn.js

PATH: 
  D:\Program Files (x86)\NetSarang\Xftp 6\;D:\Program Files (x86)\NetSarang\Xshell 6\;C:\ProgramData\Oracle\Java\javapath;C:\Program Files (x86)\Common Files\Intel\Shared Files\cpp\bin\Intel64;C:\Program Files (x86)\Lenovo\FusionEngine;C:\WINDOWS\system32;C:\WINDOWS;C:\WINDOWS\System32\Wbem;C:\WINDOWS\System32\WindowsPowerShell\v1.0\;C:\Program Files (x86)\ATI Technologies\ATI.ACE\Core-Static;C:\Program Files (x86)\Common Files\lenovo\easyplussdk\bin;c:\Program Files (x86)\QuickTime\QTSystem\;C:\Program Files\Common Files\Autodesk Shared\;C:\Program Files (x86)\Autodesk\Backburner\;D:\Android\SDK\tools;D:\Android\SDK\platform-tools;%QUARTUS_ROOTDIR%\bin;C:\Program Files\MySQL\MySQL Server 8.0\bin;D:\Program Files (x86)\Polyspace\R2019a\runtime\win64;D:\Program Files (x86)\Polyspace\R2019a\bin;D:\a\bin;C:\WINDOWS\System32\OpenSSH\;C:\Program Files (x86)\Graphviz2.38\bin;C:\Program Files\MySQL\MySQL Server 8.0\bin;D:\Program Files (x86)\Adobe\gradle\gradle-4.6\bin;C:\Users\zhenwei\AppData\Roaming\npm;D:\Program Files (x86)\Polyspace\R2019a\polyspace\bin;D:\Program Files (x86)\Git\cmd;D:\Program Files (x86)\NodeJs\;D:\Program Files (x86)\NodeJs\node_global\bin;C:\Users\zhenwei\AppData\Local\Programs\Microsoft VS Code\bin;C:\Users\zhenwei\AppData\Local\Microsoft\WindowsApps;D:\Program Files (x86)\modelsim\win64;D:\Program Files (x86)\NodeJs\node_global;

Yarn version: 
  1.21.1

Node version: 
  12.14.0

Platform: 
  win32 x64

Trace: 
  Error: https://registry.npm.taobao.org/antd/download/antd-4.6.1.tgz?cache=0&sync_timestamp=1598245298639&other_urls=https%3A%2F%2Fregistry.npm.taobao.org%2Fantd%2Fdownload%2Fantd-4.6.1.tgz: unexpected end of file
      at Zlib.zlibOnError [as onerror] (zlib.js:170:17)

npm manifest: 
  {
    "private": true,
    "scripts": {
      "start": "roadhog server",
      "build": "roadhog build",
      "lint": "eslint --ext .js src test",
      "precommit": "npm run lint"
    },
    "dependencies": {
      "@ant-design/icons": "^4.0.5",
      "antd": "^4.1.3",
      "axios": "^0.19.2",
      "babel-plugin-import": "^1.13.0",
      "dva": "^2.4.1",
      "react": "^16.13.0",
      "react-dom": "^16.13.0",
      "xlsx": "^0.15.6"
    },
    "devDependencies": {
      "babel-plugin-dva-hmr": "^0.3.2",
      "eslint": "^4.14.0",
      "eslint-config-umi": "^0.1.1",
      "eslint-plugin-flowtype": "^2.34.1",
      "eslint-plugin-import": "^2.6.0",
      "eslint-plugin-jsx-a11y": "^5.1.1",
      "eslint-plugin-react": "^7.1.0",
      "eslint-plugin-react-hooks": "^3.0.0",
      "husky": "^0.12.0",
      "redbox-react": "^1.4.3",
      "roadhog": "^2.5.0-beta.4"
    }
  }

yarn manifest: 
  No manifest

Lockfile: 
  No lockfile
